\BOOKMARK [0][-]{toc.0}{Contents}{}% 1
\BOOKMARK [1][-]{section.0.1}{Introduction}{toc.0}% 2
\BOOKMARK [2][-]{subsection.0.1.1}{Design goals}{section.0.1}% 3
\BOOKMARK [1][-]{section.0.2}{Software architecture views}{toc.0}% 4
\BOOKMARK [2][-]{subsection.0.2.1}{Subsystem Decomposition}{section.0.2}% 5
\BOOKMARK [3][-]{subsubsection.0.2.1.1}{Server side}{subsection.0.2.1}% 6
\BOOKMARK [4][-]{section*.2}{Rails}{subsubsection.0.2.1.1}% 7
\BOOKMARK [4][-]{section*.3}{MVC}{subsubsection.0.2.1.1}% 8
\BOOKMARK [4][-]{section*.4}{Models and Database}{subsubsection.0.2.1.1}% 9
\BOOKMARK [4][-]{section*.5}{Views and ERB}{subsubsection.0.2.1.1}% 10
\BOOKMARK [4][-]{section*.6}{Coffeescript and Javascript}{subsubsection.0.2.1.1}% 11
\BOOKMARK [4][-]{section*.7}{SASS and CSS}{subsubsection.0.2.1.1}% 12
\BOOKMARK [3][-]{subsubsection.0.2.1.2}{Client side}{subsection.0.2.1}% 13
\BOOKMARK [4][-]{section*.8}{Localstorage}{subsubsection.0.2.1.2}% 14
\BOOKMARK [4][-]{section*.9}{Interaction by Javascript}{subsubsection.0.2.1.2}% 15
\BOOKMARK [2][-]{subsection.0.2.2}{Hardware/software mapping}{section.0.2}% 16
\BOOKMARK [2][-]{subsection.0.2.3}{Persistent data management}{section.0.2}% 17
\BOOKMARK [2][-]{subsection.0.2.4}{Concurrency}{section.0.2}% 18
\BOOKMARK [1][-]{section.0.3}{Summary}{toc.0}% 19
\BOOKMARK [1][-]{section.0.4}{Glossary}{toc.0}% 20
